{"numFailedTestSuites":1,"numFailedTests":12,"numPassedTestSuites":5,"numPassedTests":12,"numPendingTestSuites":0,"numPendingTests":0,"numRuntimeErrorTestSuites":0,"numTodoTests":0,"numTotalTestSuites":6,"numTotalTests":24,"openHandles":[],"snapshot":{"added":0,"didUpdate":false,"failure":false,"filesAdded":0,"filesRemoved":0,"filesRemovedList":[],"filesUnmatched":0,"filesUpdated":0,"matched":0,"total":0,"unchecked":0,"uncheckedKeysByFile":[],"unmatched":0,"updated":0},"startTime":1772565836762,"success":false,"testResults":[{"assertionResults":[{"ancestorTitles":["Danger Zone Service Tests"],"duration":12,"failing":false,"failureDetails":[],"failureMessages":[],"fullName":"Danger Zone Service Tests Should define the danger zone service safely","invocations":1,"location":null,"numPassingAsserts":2,"retryReasons":[],"startAt":1772565838634,"status":"passed","title":"Should define the danger zone service safely"}],"endTime":1772565838650,"message":"","name":"C:\\Users\\Ankit pandey\\Downloads\\safeher\\backend\\tests\\dangerZoneService.test.js","startTime":1772565837861,"status":"passed","summary":""},{"assertionResults":[{"ancestorTitles":["Moderation Service Tests"],"duration":13,"failing":false,"failureDetails":[],"failureMessages":[],"fullName":"Moderation Service Tests should initialize and contain expected methods","invocations":1,"location":null,"numPassingAsserts":1,"retryReasons":[],"startAt":1772565838640,"status":"passed","title":"should initialize and contain expected methods"},{"ancestorTitles":["Moderation Service Tests"],"duration":1,"failing":false,"failureDetails":[],"failureMessages":[],"fullName":"Moderation Service Tests should moderate dummy content correctly","invocations":1,"location":null,"numPassingAsserts":0,"retryReasons":[],"startAt":1772565838654,"status":"passed","title":"should moderate dummy content correctly"}],"endTime":1772565838658,"message":"","name":"C:\\Users\\Ankit pandey\\Downloads\\safeher\\backend\\tests\\moderationService.test.js","startTime":1772565837871,"status":"passed","summary":""},{"assertionResults":[{"ancestorTitles":["Admin Service Routes (Vulnerability Assessment)"],"duration":54,"failing":false,"failureDetails":[],"failureMessages":[],"fullName":"Admin Service Routes (Vulnerability Assessment) Should fetch system stats gracefully","invocations":1,"location":null,"numPassingAsserts":1,"retryReasons":[],"startAt":1772565839129,"status":"passed","title":"Should fetch system stats gracefully"},{"ancestorTitles":["Admin Service Routes (Vulnerability Assessment)"],"duration":9,"failing":false,"failureDetails":[],"failureMessages":[],"fullName":"Admin Service Routes (Vulnerability Assessment) Should handle malicious report ID processing safely","invocations":1,"location":null,"numPassingAsserts":1,"retryReasons":[],"startAt":1772565839184,"status":"passed","title":"Should handle malicious report ID processing safely"}],"endTime":1772565839195,"message":"","name":"C:\\Users\\Ankit pandey\\Downloads\\safeher\\backend\\tests\\admin.test.js","startTime":1772565837838,"status":"passed","summary":""},{"assertionResults":[{"ancestorTitles":["Routes API"],"duration":78,"failing":false,"failureDetails":[],"failureMessages":[],"fullName":"Routes API POST /api/routes/suggest should return routes with scores","invocations":1,"location":null,"numPassingAsserts":4,"retryReasons":[],"startAt":1772565839137,"status":"passed","title":"POST /api/routes/suggest should return routes with scores"},{"ancestorTitles":["Routes API"],"duration":10,"failing":false,"failureDetails":[],"failureMessages":[],"fullName":"Routes API POST /api/routes/suggest should return 400 if missing coords","invocations":1,"location":null,"numPassingAsserts":1,"retryReasons":[],"startAt":1772565839217,"status":"passed","title":"POST /api/routes/suggest should return 400 if missing coords"},{"ancestorTitles":["Routes API"],"duration":11,"failing":false,"failureDetails":[],"failureMessages":[],"fullName":"Routes API POST /api/routes/journey/start should start journey and return id","invocations":1,"location":null,"numPassingAsserts":1,"retryReasons":[],"startAt":1772565839228,"status":"passed","title":"POST /api/routes/journey/start should start journey and return id"}],"endTime":1772565839242,"message":"","name":"C:\\Users\\Ankit pandey\\Downloads\\safeher\\backend\\tests\\routes.test.js","startTime":1772565837843,"status":"passed","summary":""},{"assertionResults":[{"ancestorTitles":["Reports API"],"duration":60,"failing":false,"failureDetails":[],"failureMessages":[],"fullName":"Reports API GET /api/reports/map should return active reports","invocations":1,"location":null,"numPassingAsserts":4,"retryReasons":[],"startAt":1772565839159,"status":"passed","title":"GET /api/reports/map should return active reports"},{"ancestorTitles":["Reports API"],"duration":48,"failing":false,"failureDetails":[],"failureMessages":[],"fullName":"Reports API POST /api/reports should create a report","invocations":1,"location":null,"numPassingAsserts":3,"retryReasons":[],"startAt":1772565839221,"status":"passed","title":"POST /api/reports should create a report"},{"ancestorTitles":["Reports API"],"duration":12,"failing":false,"failureDetails":[],"failureMessages":[],"fullName":"Reports API POST /api/reports should require missing fields","invocations":1,"location":null,"numPassingAsserts":2,"retryReasons":[],"startAt":1772565839270,"status":"passed","title":"POST /api/reports should require missing fields"},{"ancestorTitles":["Reports API"],"duration":9,"failing":false,"failureDetails":[],"failureMessages":[],"fullName":"Reports API POST /api/reports handles moderation correctly","invocations":1,"location":null,"numPassingAsserts":2,"retryReasons":[],"startAt":1772565839282,"status":"passed","title":"POST /api/reports handles moderation correctly"}],"endTime":1772565839295,"message":"","name":"C:\\Users\\Ankit pandey\\Downloads\\safeher\\backend\\tests\\reports.test.js","startTime":1772565837853,"status":"passed","summary":""},{"assertionResults":[{"ancestorTitles":["SOS System Parameter Tests"],"duration":75,"failing":false,"failureDetails":[{"matcherResult":{"actual":401,"expected":200,"message":"\u001b[2mexpect(\u001b[22m\u001b[31mreceived\u001b[39m\u001b[2m).\u001b[22mtoBe\u001b[2m(\u001b[22m\u001b[32mexpected\u001b[39m\u001b[2m) // Object.is equality\u001b[22m\n\nExpected: \u001b[32m200\u001b[39m\nReceived: \u001b[31m401\u001b[39m","name":"toBe","pass":false}}],"failureMessages":["Error: \u001b[2mexpect(\u001b[22m\u001b[31mreceived\u001b[39m\u001b[2m).\u001b[22mtoBe\u001b[2m(\u001b[22m\u001b[32mexpected\u001b[39m\u001b[2m) // Object.is equality\u001b[22m\n\nExpected: \u001b[32m200\u001b[39m\nReceived: \u001b[31m401\u001b[39m\n    at toBe (C:\\Users\\Ankit pandey\\Downloads\\safeher\\backend\\tests\\sos.parameter.test.js:62:33)\n    at processTicksAndRejections (node:internal/process/task_queues:103:5)"],"fullName":"SOS System Parameter Tests POST /api/sos/trigger with button parameter","invocations":1,"location":null,"numPassingAsserts":0,"retryReasons":[],"startAt":1772565839165,"status":"failed","title":"POST /api/sos/trigger with button parameter"},{"ancestorTitles":["SOS System Parameter Tests"],"duration":10,"failing":false,"failureDetails":[{"matcherResult":{"actual":401,"expected":200,"message":"\u001b[2mexpect(\u001b[22m\u001b[31mreceived\u001b[39m\u001b[2m).\u001b[22mtoBe\u001b[2m(\u001b[22m\u001b[32mexpected\u001b[39m\u001b[2m) // Object.is equality\u001b[22m\n\nExpected: \u001b[32m200\u001b[39m\nReceived: \u001b[31m401\u001b[39m","name":"toBe","pass":false}}],"failureMessages":["Error: \u001b[2mexpect(\u001b[22m\u001b[31mreceived\u001b[39m\u001b[2m).\u001b[22mtoBe\u001b[2m(\u001b[22m\u001b[32mexpected\u001b[39m\u001b[2m) // Object.is equality\u001b[22m\n\nExpected: \u001b[32m200\u001b[39m\nReceived: \u001b[31m401\u001b[39m\n    at toBe (C:\\Users\\Ankit pandey\\Downloads\\safeher\\backend\\tests\\sos.parameter.test.js:62:33)\n    at processTicksAndRejections (node:internal/process/task_queues:103:5)"],"fullName":"SOS System Parameter Tests POST /api/sos/trigger with shake parameter","invocations":1,"location":null,"numPassingAsserts":0,"retryReasons":[],"startAt":1772565839255,"status":"failed","title":"POST /api/sos/trigger with shake parameter"},{"ancestorTitles":["SOS System Parameter Tests"],"duration":10,"failing":false,"failureDetails":[{"matcherResult":{"actual":401,"expected":200,"message":"\u001b[2mexpect(\u001b[22m\u001b[31mreceived\u001b[39m\u001b[2m).\u001b[22mtoBe\u001b[2m(\u001b[22m\u001b[32mexpected\u001b[39m\u001b[2m) // Object.is equality\u001b[22m\n\nExpected: \u001b[32m200\u001b[39m\nReceived: \u001b[31m401\u001b[39m","name":"toBe","pass":false}}],"failureMessages":["Error: \u001b[2mexpect(\u001b[22m\u001b[31mreceived\u001b[39m\u001b[2m).\u001b[22mtoBe\u001b[2m(\u001b[22m\u001b[32mexpected\u001b[39m\u001b[2m) // Object.is equality\u001b[22m\n\nExpected: \u001b[32m200\u001b[39m\nReceived: \u001b[31m401\u001b[39m\n    at toBe (C:\\Users\\Ankit pandey\\Downloads\\safeher\\backend\\tests\\sos.parameter.test.js:62:33)\n    at processTicksAndRejections (node:internal/process/task_queues:103:5)"],"fullName":"SOS System Parameter Tests POST /api/sos/trigger with voice parameter","invocations":1,"location":null,"numPassingAsserts":0,"retryReasons":[],"startAt":1772565839266,"status":"failed","title":"POST /api/sos/trigger with voice parameter"},{"ancestorTitles":["SOS System Parameter Tests"],"duration":9,"failing":false,"failureDetails":[{"matcherResult":{"actual":401,"expected":200,"message":"\u001b[2mexpect(\u001b[22m\u001b[31mreceived\u001b[39m\u001b[2m).\u001b[22mtoBe\u001b[2m(\u001b[22m\u001b[32mexpected\u001b[39m\u001b[2m) // Object.is equality\u001b[22m\n\nExpected: \u001b[32m200\u001b[39m\nReceived: \u001b[31m401\u001b[39m","name":"toBe","pass":false}}],"failureMessages":["Error: \u001b[2mexpect(\u001b[22m\u001b[31mreceived\u001b[39m\u001b[2m).\u001b[22mtoBe\u001b[2m(\u001b[22m\u001b[32mexpected\u001b[39m\u001b[2m) // Object.is equality\u001b[22m\n\nExpected: \u001b[32m200\u001b[39m\nReceived: \u001b[31m401\u001b[39m\n    at toBe (C:\\Users\\Ankit pandey\\Downloads\\safeher\\backend\\tests\\sos.parameter.test.js:62:33)\n    at processTicksAndRejections (node:internal/process/task_queues:103:5)"],"fullName":"SOS System Parameter Tests POST /api/sos/trigger with fake_call_triggered parameter","invocations":1,"location":null,"numPassingAsserts":0,"retryReasons":[],"startAt":1772565839277,"status":"failed","title":"POST /api/sos/trigger with fake_call_triggered parameter"},{"ancestorTitles":["SOS System Parameter Tests"],"duration":12,"failing":false,"failureDetails":[{"matcherResult":{"actual":401,"expected":400,"message":"\u001b[2mexpect(\u001b[22m\u001b[31mreceived\u001b[39m\u001b[2m).\u001b[22mtoBe\u001b[2m(\u001b[22m\u001b[32mexpected\u001b[39m\u001b[2m) // Object.is equality\u001b[22m\n\nExpected: \u001b[32m400\u001b[39m\nReceived: \u001b[31m401\u001b[39m","name":"toBe","pass":false}}],"failureMessages":["Error: \u001b[2mexpect(\u001b[22m\u001b[31mreceived\u001b[39m\u001b[2m).\u001b[22mtoBe\u001b[2m(\u001b[22m\u001b[32mexpected\u001b[39m\u001b[2m) // Object.is equality\u001b[22m\n\nExpected: \u001b[32m400\u001b[39m\nReceived: \u001b[31m401\u001b[39m\n    at toBe (C:\\Users\\Ankit pandey\\Downloads\\safeher\\backend\\tests\\sos.parameter.test.js:62:33)\n    at processTicksAndRejections (node:internal/process/task_queues:103:5)"],"fullName":"SOS System Parameter Tests POST /api/sos/trigger with  parameter","invocations":1,"location":null,"numPassingAsserts":0,"retryReasons":[],"startAt":1772565839287,"status":"failed","title":"POST /api/sos/trigger with  parameter"},{"ancestorTitles":["SOS System Parameter Tests"],"duration":10,"failing":false,"failureDetails":[{"matcherResult":{"actual":401,"expected":200,"message":"\u001b[2mexpect(\u001b[22m\u001b[31mreceived\u001b[39m\u001b[2m).\u001b[22mtoBe\u001b[2m(\u001b[22m\u001b[32mexpected\u001b[39m\u001b[2m) // Object.is equality\u001b[22m\n\nExpected: \u001b[32m200\u001b[39m\nReceived: \u001b[31m401\u001b[39m","name":"toBe","pass":false}}],"failureMessages":["Error: \u001b[2mexpect(\u001b[22m\u001b[31mreceived\u001b[39m\u001b[2m).\u001b[22mtoBe\u001b[2m(\u001b[22m\u001b[32mexpected\u001b[39m\u001b[2m) // Object.is equality\u001b[22m\n\nExpected: \u001b[32m200\u001b[39m\nReceived: \u001b[31m401\u001b[39m\n    at Object.toBe (C:\\Users\\Ankit pandey\\Downloads\\safeher\\backend\\tests\\sos.parameter.test.js:76:33)\n    at processTicksAndRejections (node:internal/process/task_queues:103:5)"],"fullName":"SOS System Parameter Tests POST /api/sos/trigger missing coordinates","invocations":1,"location":null,"numPassingAsserts":0,"retryReasons":[],"startAt":1772565839299,"status":"failed","title":"POST /api/sos/trigger missing coordinates"},{"ancestorTitles":["SOS System Parameter Tests"],"duration":11,"failing":false,"failureDetails":[{"matcherResult":{"actual":404,"expected":200,"message":"\u001b[2mexpect(\u001b[22m\u001b[31mreceived\u001b[39m\u001b[2m).\u001b[22mtoBe\u001b[2m(\u001b[22m\u001b[32mexpected\u001b[39m\u001b[2m) // Object.is equality\u001b[22m\n\nExpected: \u001b[32m200\u001b[39m\nReceived: \u001b[31m404\u001b[39m","name":"toBe","pass":false}}],"failureMessages":["Error: \u001b[2mexpect(\u001b[22m\u001b[31mreceived\u001b[39m\u001b[2m).\u001b[22mtoBe\u001b[2m(\u001b[22m\u001b[32mexpected\u001b[39m\u001b[2m) // Object.is equality\u001b[22m\n\nExpected: \u001b[32m200\u001b[39m\nReceived: \u001b[31m404\u001b[39m\n    at toBe (C:\\Users\\Ankit pandey\\Downloads\\safeher\\backend\\tests\\sos.parameter.test.js:93:33)\n    at processTicksAndRejections (node:internal/process/task_queues:103:5)"],"fullName":"SOS System Parameter Tests PUT /api/sos/:id/location with lat=19.5, lng=72.5","invocations":1,"location":null,"numPassingAsserts":0,"retryReasons":[],"startAt":1772565839310,"status":"failed","title":"PUT /api/sos/:id/location with lat=19.5, lng=72.5"},{"ancestorTitles":["SOS System Parameter Tests"],"duration":8,"failing":false,"failureDetails":[{"matcherResult":{"actual":404,"expected":400,"message":"\u001b[2mexpect(\u001b[22m\u001b[31mreceived\u001b[39m\u001b[2m).\u001b[22mtoBe\u001b[2m(\u001b[22m\u001b[32mexpected\u001b[39m\u001b[2m) // Object.is equality\u001b[22m\n\nExpected: \u001b[32m400\u001b[39m\nReceived: \u001b[31m404\u001b[39m","name":"toBe","pass":false}}],"failureMessages":["Error: \u001b[2mexpect(\u001b[22m\u001b[31mreceived\u001b[39m\u001b[2m).\u001b[22mtoBe\u001b[2m(\u001b[22m\u001b[32mexpected\u001b[39m\u001b[2m) // Object.is equality\u001b[22m\n\nExpected: \u001b[32m400\u001b[39m\nReceived: \u001b[31m404\u001b[39m\n    at toBe (C:\\Users\\Ankit pandey\\Downloads\\safeher\\backend\\tests\\sos.parameter.test.js:93:33)\n    at processTicksAndRejections (node:internal/process/task_queues:103:5)"],"fullName":"SOS System Parameter Tests PUT /api/sos/:id/location with lat=-95, lng=72.5","invocations":1,"location":null,"numPassingAsserts":0,"retryReasons":[],"startAt":1772565839322,"status":"failed","title":"PUT /api/sos/:id/location with lat=-95, lng=72.5"},{"ancestorTitles":["SOS System Parameter Tests"],"duration":8,"failing":false,"failureDetails":[{"matcherResult":{"actual":404,"expected":400,"message":"\u001b[2mexpect(\u001b[22m\u001b[31mreceived\u001b[39m\u001b[2m).\u001b[22mtoBe\u001b[2m(\u001b[22m\u001b[32mexpected\u001b[39m\u001b[2m) // Object.is equality\u001b[22m\n\nExpected: \u001b[32m400\u001b[39m\nReceived: \u001b[31m404\u001b[39m","name":"toBe","pass":false}}],"failureMessages":["Error: \u001b[2mexpect(\u001b[22m\u001b[31mreceived\u001b[39m\u001b[2m).\u001b[22mtoBe\u001b[2m(\u001b[22m\u001b[32mexpected\u001b[39m\u001b[2m) // Object.is equality\u001b[22m\n\nExpected: \u001b[32m400\u001b[39m\nReceived: \u001b[31m404\u001b[39m\n    at toBe (C:\\Users\\Ankit pandey\\Downloads\\safeher\\backend\\tests\\sos.parameter.test.js:93:33)\n    at processTicksAndRejections (node:internal/process/task_queues:103:5)"],"fullName":"SOS System Parameter Tests PUT /api/sos/:id/location with lat=19.5, lng=-190","invocations":1,"location":null,"numPassingAsserts":0,"retryReasons":[],"startAt":1772565839331,"status":"failed","title":"PUT /api/sos/:id/location with lat=19.5, lng=-190"},{"ancestorTitles":["SOS System Parameter Tests"],"duration":9,"failing":false,"failureDetails":[{"matcherResult":{"actual":404,"expected":400,"message":"\u001b[2mexpect(\u001b[22m\u001b[31mreceived\u001b[39m\u001b[2m).\u001b[22mtoBe\u001b[2m(\u001b[22m\u001b[32mexpected\u001b[39m\u001b[2m) // Object.is equality\u001b[22m\n\nExpected: \u001b[32m400\u001b[39m\nReceived: \u001b[31m404\u001b[39m","name":"toBe","pass":false}}],"failureMessages":["Error: \u001b[2mexpect(\u001b[22m\u001b[31mreceived\u001b[39m\u001b[2m).\u001b[22mtoBe\u001b[2m(\u001b[22m\u001b[32mexpected\u001b[39m\u001b[2m) // Object.is equality\u001b[22m\n\nExpected: \u001b[32m400\u001b[39m\nReceived: \u001b[31m404\u001b[39m\n    at toBe (C:\\Users\\Ankit pandey\\Downloads\\safeher\\backend\\tests\\sos.parameter.test.js:93:33)\n    at processTicksAndRejections (node:internal/process/task_queues:103:5)"],"fullName":"SOS System Parameter Tests PUT /api/sos/:id/location with lat=bad, lng=data","invocations":1,"location":null,"numPassingAsserts":0,"retryReasons":[],"startAt":1772565839340,"status":"failed","title":"PUT /api/sos/:id/location with lat=bad, lng=data"},{"ancestorTitles":["SOS System Parameter Tests"],"duration":7,"failing":false,"failureDetails":[{"matcherResult":{"actual":401,"expected":200,"message":"\u001b[2mexpect(\u001b[22m\u001b[31mreceived\u001b[39m\u001b[2m).\u001b[22mtoBe\u001b[2m(\u001b[22m\u001b[32mexpected\u001b[39m\u001b[2m) // Object.is equality\u001b[22m\n\nExpected: \u001b[32m200\u001b[39m\nReceived: \u001b[31m401\u001b[39m","name":"toBe","pass":false}}],"failureMessages":["Error: \u001b[2mexpect(\u001b[22m\u001b[31mreceived\u001b[39m\u001b[2m).\u001b[22mtoBe\u001b[2m(\u001b[22m\u001b[32mexpected\u001b[39m\u001b[2m) // Object.is equality\u001b[22m\n\nExpected: \u001b[32m200\u001b[39m\nReceived: \u001b[31m401\u001b[39m\n    at Object.toBe (C:\\Users\\Ankit pandey\\Downloads\\safeher\\backend\\tests\\sos.parameter.test.js:98:33)\n    at processTicksAndRejections (node:internal/process/task_queues:103:5)"],"fullName":"SOS System Parameter Tests PUT /api/sos/:id/resolve correctly finishes SOS","invocations":1,"location":null,"numPassingAsserts":0,"retryReasons":[],"startAt":1772565839350,"status":"failed","title":"PUT /api/sos/:id/resolve correctly finishes SOS"},{"ancestorTitles":["SOS System Parameter Tests"],"duration":8,"failing":false,"failureDetails":[{"matcherResult":{"actual":404,"expected":200,"message":"\u001b[2mexpect(\u001b[22m\u001b[31mreceived\u001b[39m\u001b[2m).\u001b[22mtoBe\u001b[2m(\u001b[22m\u001b[32mexpected\u001b[39m\u001b[2m) // Object.is equality\u001b[22m\n\nExpected: \u001b[32m200\u001b[39m\nReceived: \u001b[31m404\u001b[39m","name":"toBe","pass":false}}],"failureMessages":["Error: \u001b[2mexpect(\u001b[22m\u001b[31mreceived\u001b[39m\u001b[2m).\u001b[22mtoBe\u001b[2m(\u001b[22m\u001b[32mexpected\u001b[39m\u001b[2m) // Object.is equality\u001b[22m\n\nExpected: \u001b[32m200\u001b[39m\nReceived: \u001b[31m404\u001b[39m\n    at Object.toBe (C:\\Users\\Ankit pandey\\Downloads\\safeher\\backend\\tests\\sos.parameter.test.js:104:33)\n    at processTicksAndRejections (node:internal/process/task_queues:103:5)"],"fullName":"SOS System Parameter Tests GET /api/sos/active/status returns active status","invocations":1,"location":null,"numPassingAsserts":0,"retryReasons":[],"startAt":1772565839358,"status":"failed","title":"GET /api/sos/active/status returns active status"}],"endTime":1772565839444,"message":"\u001b[1m\u001b[31m  \u001b[1m● \u001b[22m\u001b[1mSOS System Parameter Tests › POST /api/sos/trigger with button parameter\u001b[39m\u001b[22m\n\n    \u001b[2mexpect(\u001b[22m\u001b[31mreceived\u001b[39m\u001b[2m).\u001b[22mtoBe\u001b[2m(\u001b[22m\u001b[32mexpected\u001b[39m\u001b[2m) // Object.is equality\u001b[22m\n\n    Expected: \u001b[32m200\u001b[39m\n    Received: \u001b[31m401\u001b[39m\n\u001b[2m\u001b[22m\n\u001b[2m    \u001b[0m \u001b[90m 60 |\u001b[39m             \u001b[33m.\u001b[39msend({ trigger_type\u001b[33m:\u001b[39m type\u001b[33m,\u001b[39m latitude\u001b[33m:\u001b[39m \u001b[35m19.0\u001b[39m\u001b[33m,\u001b[39m longitude\u001b[33m:\u001b[39m \u001b[35m72.0\u001b[39m })\u001b[33m;\u001b[39m\u001b[22m\n\u001b[2m     \u001b[90m 61 |\u001b[39m\u001b[22m\n\u001b[2m    \u001b[31m\u001b[1m>\u001b[22m\u001b[2m\u001b[39m\u001b[90m 62 |\u001b[39m         expect(response\u001b[33m.\u001b[39mstatus)\u001b[33m.\u001b[39mtoBe(expectedStatus)\u001b[33m;\u001b[39m\u001b[22m\n\u001b[2m     \u001b[90m    |\u001b[39m                                 \u001b[31m\u001b[1m^\u001b[22m\u001b[2m\u001b[39m\u001b[22m\n\u001b[2m     \u001b[90m 63 |\u001b[39m         \u001b[36mif\u001b[39m (expectedStatus \u001b[33m===\u001b[39m \u001b[35m200\u001b[39m) {\u001b[22m\n\u001b[2m     \u001b[90m 64 |\u001b[39m             expect(response\u001b[33m.\u001b[39mbody)\u001b[33m.\u001b[39mtoHaveProperty(\u001b[32m'success'\u001b[39m\u001b[33m,\u001b[39m \u001b[36mtrue\u001b[39m)\u001b[33m;\u001b[39m\u001b[22m\n\u001b[2m     \u001b[90m 65 |\u001b[39m             expect(response\u001b[33m.\u001b[39mbody)\u001b[33m.\u001b[39mtoHaveProperty(\u001b[32m'alert_id'\u001b[39m\u001b[33m,\u001b[39m \u001b[32m'sos-123'\u001b[39m)\u001b[33m;\u001b[39m\u001b[0m\u001b[22m\n\u001b[2m\u001b[22m\n\u001b[2m      \u001b[2mat toBe (\u001b[22m\u001b[2m\u001b[0m\u001b[36mtests/sos.parameter.test.js\u001b[39m\u001b[0m\u001b[2m:62:33)\u001b[22m\u001b[2m\u001b[22m\n\n\u001b[1m\u001b[31m  \u001b[1m● \u001b[22m\u001b[1mSOS System Parameter Tests › POST /api/sos/trigger with shake parameter\u001b[39m\u001b[22m\n\n    \u001b[2mexpect(\u001b[22m\u001b[31mreceived\u001b[39m\u001b[2m).\u001b[22mtoBe\u001b[2m(\u001b[22m\u001b[32mexpected\u001b[39m\u001b[2m) // Object.is equality\u001b[22m\n\n    Expected: \u001b[32m200\u001b[39m\n    Received: \u001b[31m401\u001b[39m\n\u001b[2m\u001b[22m\n\u001b[2m    \u001b[0m \u001b[90m 60 |\u001b[39m             \u001b[33m.\u001b[39msend({ trigger_type\u001b[33m:\u001b[39m type\u001b[33m,\u001b[39m latitude\u001b[33m:\u001b[39m \u001b[35m19.0\u001b[39m\u001b[33m,\u001b[39m longitude\u001b[33m:\u001b[39m \u001b[35m72.0\u001b[39m })\u001b[33m;\u001b[39m\u001b[22m\n\u001b[2m     \u001b[90m 61 |\u001b[39m\u001b[22m\n\u001b[2m    \u001b[31m\u001b[1m>\u001b[22m\u001b[2m\u001b[39m\u001b[90m 62 |\u001b[39m         expect(response\u001b[33m.\u001b[39mstatus)\u001b[33m.\u001b[39mtoBe(expectedStatus)\u001b[33m;\u001b[39m\u001b[22m\n\u001b[2m     \u001b[90m    |\u001b[39m                                 \u001b[31m\u001b[1m^\u001b[22m\u001b[2m\u001b[39m\u001b[22m\n\u001b[2m     \u001b[90m 63 |\u001b[39m         \u001b[36mif\u001b[39m (expectedStatus \u001b[33m===\u001b[39m \u001b[35m200\u001b[39m) {\u001b[22m\n\u001b[2m     \u001b[90m 64 |\u001b[39m             expect(response\u001b[33m.\u001b[39mbody)\u001b[33m.\u001b[39mtoHaveProperty(\u001b[32m'success'\u001b[39m\u001b[33m,\u001b[39m \u001b[36mtrue\u001b[39m)\u001b[33m;\u001b[39m\u001b[22m\n\u001b[2m     \u001b[90m 65 |\u001b[39m             expect(response\u001b[33m.\u001b[39mbody)\u001b[33m.\u001b[39mtoHaveProperty(\u001b[32m'alert_id'\u001b[39m\u001b[33m,\u001b[39m \u001b[32m'sos-123'\u001b[39m)\u001b[33m;\u001b[39m\u001b[0m\u001b[22m\n\u001b[2m\u001b[22m\n\u001b[2m      \u001b[2mat toBe (\u001b[22m\u001b[2m\u001b[0m\u001b[36mtests/sos.parameter.test.js\u001b[39m\u001b[0m\u001b[2m:62:33)\u001b[22m\u001b[2m\u001b[22m\n\n\u001b[1m\u001b[31m  \u001b[1m● \u001b[22m\u001b[1mSOS System Parameter Tests › POST /api/sos/trigger with voice parameter\u001b[39m\u001b[22m\n\n    \u001b[2mexpect(\u001b[22m\u001b[31mreceived\u001b[39m\u001b[2m).\u001b[22mtoBe\u001b[2m(\u001b[22m\u001b[32mexpected\u001b[39m\u001b[2m) // Object.is equality\u001b[22m\n\n    Expected: \u001b[32m200\u001b[39m\n    Received: \u001b[31m401\u001b[39m\n\u001b[2m\u001b[22m\n\u001b[2m    \u001b[0m \u001b[90m 60 |\u001b[39m             \u001b[33m.\u001b[39msend({ trigger_type\u001b[33m:\u001b[39m type\u001b[33m,\u001b[39m latitude\u001b[33m:\u001b[39m \u001b[35m19.0\u001b[39m\u001b[33m,\u001b[39m longitude\u001b[33m:\u001b[39m \u001b[35m72.0\u001b[39m })\u001b[33m;\u001b[39m\u001b[22m\n\u001b[2m     \u001b[90m 61 |\u001b[39m\u001b[22m\n\u001b[2m    \u001b[31m\u001b[1m>\u001b[22m\u001b[2m\u001b[39m\u001b[90m 62 |\u001b[39m         expect(response\u001b[33m.\u001b[39mstatus)\u001b[33m.\u001b[39mtoBe(expectedStatus)\u001b[33m;\u001b[39m\u001b[22m\n\u001b[2m     \u001b[90m    |\u001b[39m                                 \u001b[31m\u001b[1m^\u001b[22m\u001b[2m\u001b[39m\u001b[22m\n\u001b[2m     \u001b[90m 63 |\u001b[39m         \u001b[36mif\u001b[39m (expectedStatus \u001b[33m===\u001b[39m \u001b[35m200\u001b[39m) {\u001b[22m\n\u001b[2m     \u001b[90m 64 |\u001b[39m             expect(response\u001b[33m.\u001b[39mbody)\u001b[33m.\u001b[39mtoHaveProperty(\u001b[32m'success'\u001b[39m\u001b[33m,\u001b[39m \u001b[36mtrue\u001b[39m)\u001b[33m;\u001b[39m\u001b[22m\n\u001b[2m     \u001b[90m 65 |\u001b[39m             expect(response\u001b[33m.\u001b[39mbody)\u001b[33m.\u001b[39mtoHaveProperty(\u001b[32m'alert_id'\u001b[39m\u001b[33m,\u001b[39m \u001b[32m'sos-123'\u001b[39m)\u001b[33m;\u001b[39m\u001b[0m\u001b[22m\n\u001b[2m\u001b[22m\n\u001b[2m      \u001b[2mat toBe (\u001b[22m\u001b[2m\u001b[0m\u001b[36mtests/sos.parameter.test.js\u001b[39m\u001b[0m\u001b[2m:62:33)\u001b[22m\u001b[2m\u001b[22m\n\n\u001b[1m\u001b[31m  \u001b[1m● \u001b[22m\u001b[1mSOS System Parameter Tests › POST /api/sos/trigger with fake_call_triggered parameter\u001b[39m\u001b[22m\n\n    \u001b[2mexpect(\u001b[22m\u001b[31mreceived\u001b[39m\u001b[2m).\u001b[22mtoBe\u001b[2m(\u001b[22m\u001b[32mexpected\u001b[39m\u001b[2m) // Object.is equality\u001b[22m\n\n    Expected: \u001b[32m200\u001b[39m\n    Received: \u001b[31m401\u001b[39m\n\u001b[2m\u001b[22m\n\u001b[2m    \u001b[0m \u001b[90m 60 |\u001b[39m             \u001b[33m.\u001b[39msend({ trigger_type\u001b[33m:\u001b[39m type\u001b[33m,\u001b[39m latitude\u001b[33m:\u001b[39m \u001b[35m19.0\u001b[39m\u001b[33m,\u001b[39m longitude\u001b[33m:\u001b[39m \u001b[35m72.0\u001b[39m })\u001b[33m;\u001b[39m\u001b[22m\n\u001b[2m     \u001b[90m 61 |\u001b[39m\u001b[22m\n\u001b[2m    \u001b[31m\u001b[1m>\u001b[22m\u001b[2m\u001b[39m\u001b[90m 62 |\u001b[39m         expect(response\u001b[33m.\u001b[39mstatus)\u001b[33m.\u001b[39mtoBe(expectedStatus)\u001b[33m;\u001b[39m\u001b[22m\n\u001b[2m     \u001b[90m    |\u001b[39m                                 \u001b[31m\u001b[1m^\u001b[22m\u001b[2m\u001b[39m\u001b[22m\n\u001b[2m     \u001b[90m 63 |\u001b[39m         \u001b[36mif\u001b[39m (expectedStatus \u001b[33m===\u001b[39m \u001b[35m200\u001b[39m) {\u001b[22m\n\u001b[2m     \u001b[90m 64 |\u001b[39m             expect(response\u001b[33m.\u001b[39mbody)\u001b[33m.\u001b[39mtoHaveProperty(\u001b[32m'success'\u001b[39m\u001b[33m,\u001b[39m \u001b[36mtrue\u001b[39m)\u001b[33m;\u001b[39m\u001b[22m\n\u001b[2m     \u001b[90m 65 |\u001b[39m             expect(response\u001b[33m.\u001b[39mbody)\u001b[33m.\u001b[39mtoHaveProperty(\u001b[32m'alert_id'\u001b[39m\u001b[33m,\u001b[39m \u001b[32m'sos-123'\u001b[39m)\u001b[33m;\u001b[39m\u001b[0m\u001b[22m\n\u001b[2m\u001b[22m\n\u001b[2m      \u001b[2mat toBe (\u001b[22m\u001b[2m\u001b[0m\u001b[36mtests/sos.parameter.test.js\u001b[39m\u001b[0m\u001b[2m:62:33)\u001b[22m\u001b[2m\u001b[22m\n\n\u001b[1m\u001b[31m  \u001b[1m● \u001b[22m\u001b[1mSOS System Parameter Tests › POST /api/sos/trigger with  parameter\u001b[39m\u001b[22m\n\n    \u001b[2mexpect(\u001b[22m\u001b[31mreceived\u001b[39m\u001b[2m).\u001b[22mtoBe\u001b[2m(\u001b[22m\u001b[32mexpected\u001b[39m\u001b[2m) // Object.is equality\u001b[22m\n\n    Expected: \u001b[32m400\u001b[39m\n    Received: \u001b[31m401\u001b[39m\n\u001b[2m\u001b[22m\n\u001b[2m    \u001b[0m \u001b[90m 60 |\u001b[39m             \u001b[33m.\u001b[39msend({ trigger_type\u001b[33m:\u001b[39m type\u001b[33m,\u001b[39m latitude\u001b[33m:\u001b[39m \u001b[35m19.0\u001b[39m\u001b[33m,\u001b[39m longitude\u001b[33m:\u001b[39m \u001b[35m72.0\u001b[39m })\u001b[33m;\u001b[39m\u001b[22m\n\u001b[2m     \u001b[90m 61 |\u001b[39m\u001b[22m\n\u001b[2m    \u001b[31m\u001b[1m>\u001b[22m\u001b[2m\u001b[39m\u001b[90m 62 |\u001b[39m         expect(response\u001b[33m.\u001b[39mstatus)\u001b[33m.\u001b[39mtoBe(expectedStatus)\u001b[33m;\u001b[39m\u001b[22m\n\u001b[2m     \u001b[90m    |\u001b[39m                                 \u001b[31m\u001b[1m^\u001b[22m\u001b[2m\u001b[39m\u001b[22m\n\u001b[2m     \u001b[90m 63 |\u001b[39m         \u001b[36mif\u001b[39m (expectedStatus \u001b[33m===\u001b[39m \u001b[35m200\u001b[39m) {\u001b[22m\n\u001b[2m     \u001b[90m 64 |\u001b[39m             expect(response\u001b[33m.\u001b[39mbody)\u001b[33m.\u001b[39mtoHaveProperty(\u001b[32m'success'\u001b[39m\u001b[33m,\u001b[39m \u001b[36mtrue\u001b[39m)\u001b[33m;\u001b[39m\u001b[22m\n\u001b[2m     \u001b[90m 65 |\u001b[39m             expect(response\u001b[33m.\u001b[39mbody)\u001b[33m.\u001b[39mtoHaveProperty(\u001b[32m'alert_id'\u001b[39m\u001b[33m,\u001b[39m \u001b[32m'sos-123'\u001b[39m)\u001b[33m;\u001b[39m\u001b[0m\u001b[22m\n\u001b[2m\u001b[22m\n\u001b[2m      \u001b[2mat toBe (\u001b[22m\u001b[2m\u001b[0m\u001b[36mtests/sos.parameter.test.js\u001b[39m\u001b[0m\u001b[2m:62:33)\u001b[22m\u001b[2m\u001b[22m\n\n\u001b[1m\u001b[31m  \u001b[1m● \u001b[22m\u001b[1mSOS System Parameter Tests › POST /api/sos/trigger missing coordinates\u001b[39m\u001b[22m\n\n    \u001b[2mexpect(\u001b[22m\u001b[31mreceived\u001b[39m\u001b[2m).\u001b[22mtoBe\u001b[2m(\u001b[22m\u001b[32mexpected\u001b[39m\u001b[2m) // Object.is equality\u001b[22m\n\n    Expected: \u001b[32m200\u001b[39m\n    Received: \u001b[31m401\u001b[39m\n\u001b[2m\u001b[22m\n\u001b[2m    \u001b[0m \u001b[90m 74 |\u001b[39m             \u001b[33m.\u001b[39msend({ trigger_type\u001b[33m:\u001b[39m \u001b[32m'button'\u001b[39m })\u001b[33m;\u001b[39m\u001b[22m\n\u001b[2m     \u001b[90m 75 |\u001b[39m         \u001b[90m// Although location is optional, the system should still accept it and create the alert\u001b[39m\u001b[22m\n\u001b[2m    \u001b[31m\u001b[1m>\u001b[22m\u001b[2m\u001b[39m\u001b[90m 76 |\u001b[39m         expect(response\u001b[33m.\u001b[39mstatus)\u001b[33m.\u001b[39mtoBe(\u001b[35m200\u001b[39m)\u001b[33m;\u001b[39m\u001b[22m\n\u001b[2m     \u001b[90m    |\u001b[39m                                 \u001b[31m\u001b[1m^\u001b[22m\u001b[2m\u001b[39m\u001b[22m\n\u001b[2m     \u001b[90m 77 |\u001b[39m         expect(response\u001b[33m.\u001b[39mbody)\u001b[33m.\u001b[39mtoHaveProperty(\u001b[32m'success'\u001b[39m\u001b[33m,\u001b[39m \u001b[36mtrue\u001b[39m)\u001b[33m;\u001b[39m\u001b[22m\n\u001b[2m     \u001b[90m 78 |\u001b[39m     })\u001b[33m;\u001b[39m\u001b[22m\n\u001b[2m     \u001b[90m 79 |\u001b[39m\u001b[0m\u001b[22m\n\u001b[2m\u001b[22m\n\u001b[2m      \u001b[2mat Object.toBe (\u001b[22m\u001b[2m\u001b[0m\u001b[36mtests/sos.parameter.test.js\u001b[39m\u001b[0m\u001b[2m:76:33)\u001b[22m\u001b[2m\u001b[22m\n\n\u001b[1m\u001b[31m  \u001b[1m● \u001b[22m\u001b[1mSOS System Parameter Tests › PUT /api/sos/:id/location with lat=19.5, lng=72.5\u001b[39m\u001b[22m\n\n    \u001b[2mexpect(\u001b[22m\u001b[31mreceived\u001b[39m\u001b[2m).\u001b[22mtoBe\u001b[2m(\u001b[22m\u001b[32mexpected\u001b[39m\u001b[2m) // Object.is equality\u001b[22m\n\n    Expected: \u001b[32m200\u001b[39m\n    Received: \u001b[31m404\u001b[39m\n\u001b[2m\u001b[22m\n\u001b[2m    \u001b[0m \u001b[90m 91 |\u001b[39m             \u001b[33m.\u001b[39msend({ latitude\u001b[33m:\u001b[39m lat\u001b[33m,\u001b[39m longitude\u001b[33m:\u001b[39m lng })\u001b[33m;\u001b[39m\u001b[22m\n\u001b[2m     \u001b[90m 92 |\u001b[39m\u001b[22m\n\u001b[2m    \u001b[31m\u001b[1m>\u001b[22m\u001b[2m\u001b[39m\u001b[90m 93 |\u001b[39m         expect(response\u001b[33m.\u001b[39mstatus)\u001b[33m.\u001b[39mtoBe(expectedStatus)\u001b[33m;\u001b[39m\u001b[22m\n\u001b[2m     \u001b[90m    |\u001b[39m                                 \u001b[31m\u001b[1m^\u001b[22m\u001b[2m\u001b[39m\u001b[22m\n\u001b[2m     \u001b[90m 94 |\u001b[39m     })\u001b[33m;\u001b[39m\u001b[22m\n\u001b[2m     \u001b[90m 95 |\u001b[39m\u001b[22m\n\u001b[2m     \u001b[90m 96 |\u001b[39m     test(\u001b[32m'PUT /api/sos/:id/resolve correctly finishes SOS'\u001b[39m\u001b[33m,\u001b[39m \u001b[36masync\u001b[39m () \u001b[33m=>\u001b[39m {\u001b[0m\u001b[22m\n\u001b[2m\u001b[22m\n\u001b[2m      \u001b[2mat toBe (\u001b[22m\u001b[2m\u001b[0m\u001b[36mtests/sos.parameter.test.js\u001b[39m\u001b[0m\u001b[2m:93:33)\u001b[22m\u001b[2m\u001b[22m\n\n\u001b[1m\u001b[31m  \u001b[1m● \u001b[22m\u001b[1mSOS System Parameter Tests › PUT /api/sos/:id/location with lat=-95, lng=72.5\u001b[39m\u001b[22m\n\n    \u001b[2mexpect(\u001b[22m\u001b[31mreceived\u001b[39m\u001b[2m).\u001b[22mtoBe\u001b[2m(\u001b[22m\u001b[32mexpected\u001b[39m\u001b[2m) // Object.is equality\u001b[22m\n\n    Expected: \u001b[32m400\u001b[39m\n    Received: \u001b[31m404\u001b[39m\n\u001b[2m\u001b[22m\n\u001b[2m    \u001b[0m \u001b[90m 91 |\u001b[39m             \u001b[33m.\u001b[39msend({ latitude\u001b[33m:\u001b[39m lat\u001b[33m,\u001b[39m longitude\u001b[33m:\u001b[39m lng })\u001b[33m;\u001b[39m\u001b[22m\n\u001b[2m     \u001b[90m 92 |\u001b[39m\u001b[22m\n\u001b[2m    \u001b[31m\u001b[1m>\u001b[22m\u001b[2m\u001b[39m\u001b[90m 93 |\u001b[39m         expect(response\u001b[33m.\u001b[39mstatus)\u001b[33m.\u001b[39mtoBe(expectedStatus)\u001b[33m;\u001b[39m\u001b[22m\n\u001b[2m     \u001b[90m    |\u001b[39m                                 \u001b[31m\u001b[1m^\u001b[22m\u001b[2m\u001b[39m\u001b[22m\n\u001b[2m     \u001b[90m 94 |\u001b[39m     })\u001b[33m;\u001b[39m\u001b[22m\n\u001b[2m     \u001b[90m 95 |\u001b[39m\u001b[22m\n\u001b[2m     \u001b[90m 96 |\u001b[39m     test(\u001b[32m'PUT /api/sos/:id/resolve correctly finishes SOS'\u001b[39m\u001b[33m,\u001b[39m \u001b[36masync\u001b[39m () \u001b[33m=>\u001b[39m {\u001b[0m\u001b[22m\n\u001b[2m\u001b[22m\n\u001b[2m      \u001b[2mat toBe (\u001b[22m\u001b[2m\u001b[0m\u001b[36mtests/sos.parameter.test.js\u001b[39m\u001b[0m\u001b[2m:93:33)\u001b[22m\u001b[2m\u001b[22m\n\n\u001b[1m\u001b[31m  \u001b[1m● \u001b[22m\u001b[1mSOS System Parameter Tests › PUT /api/sos/:id/location with lat=19.5, lng=-190\u001b[39m\u001b[22m\n\n    \u001b[2mexpect(\u001b[22m\u001b[31mreceived\u001b[39m\u001b[2m).\u001b[22mtoBe\u001b[2m(\u001b[22m\u001b[32mexpected\u001b[39m\u001b[2m) // Object.is equality\u001b[22m\n\n    Expected: \u001b[32m400\u001b[39m\n    Received: \u001b[31m404\u001b[39m\n\u001b[2m\u001b[22m\n\u001b[2m    \u001b[0m \u001b[90m 91 |\u001b[39m             \u001b[33m.\u001b[39msend({ latitude\u001b[33m:\u001b[39m lat\u001b[33m,\u001b[39m longitude\u001b[33m:\u001b[39m lng })\u001b[33m;\u001b[39m\u001b[22m\n\u001b[2m     \u001b[90m 92 |\u001b[39m\u001b[22m\n\u001b[2m    \u001b[31m\u001b[1m>\u001b[22m\u001b[2m\u001b[39m\u001b[90m 93 |\u001b[39m         expect(response\u001b[33m.\u001b[39mstatus)\u001b[33m.\u001b[39mtoBe(expectedStatus)\u001b[33m;\u001b[39m\u001b[22m\n\u001b[2m     \u001b[90m    |\u001b[39m                                 \u001b[31m\u001b[1m^\u001b[22m\u001b[2m\u001b[39m\u001b[22m\n\u001b[2m     \u001b[90m 94 |\u001b[39m     })\u001b[33m;\u001b[39m\u001b[22m\n\u001b[2m     \u001b[90m 95 |\u001b[39m\u001b[22m\n\u001b[2m     \u001b[90m 96 |\u001b[39m     test(\u001b[32m'PUT /api/sos/:id/resolve correctly finishes SOS'\u001b[39m\u001b[33m,\u001b[39m \u001b[36masync\u001b[39m () \u001b[33m=>\u001b[39m {\u001b[0m\u001b[22m\n\u001b[2m\u001b[22m\n\u001b[2m      \u001b[2mat toBe (\u001b[22m\u001b[2m\u001b[0m\u001b[36mtests/sos.parameter.test.js\u001b[39m\u001b[0m\u001b[2m:93:33)\u001b[22m\u001b[2m\u001b[22m\n\n\u001b[1m\u001b[31m  \u001b[1m● \u001b[22m\u001b[1mSOS System Parameter Tests › PUT /api/sos/:id/location with lat=bad, lng=data\u001b[39m\u001b[22m\n\n    \u001b[2mexpect(\u001b[22m\u001b[31mreceived\u001b[39m\u001b[2m).\u001b[22mtoBe\u001b[2m(\u001b[22m\u001b[32mexpected\u001b[39m\u001b[2m) // Object.is equality\u001b[22m\n\n    Expected: \u001b[32m400\u001b[39m\n    Received: \u001b[31m404\u001b[39m\n\u001b[2m\u001b[22m\n\u001b[2m    \u001b[0m \u001b[90m 91 |\u001b[39m             \u001b[33m.\u001b[39msend({ latitude\u001b[33m:\u001b[39m lat\u001b[33m,\u001b[39m longitude\u001b[33m:\u001b[39m lng })\u001b[33m;\u001b[39m\u001b[22m\n\u001b[2m     \u001b[90m 92 |\u001b[39m\u001b[22m\n\u001b[2m    \u001b[31m\u001b[1m>\u001b[22m\u001b[2m\u001b[39m\u001b[90m 93 |\u001b[39m         expect(response\u001b[33m.\u001b[39mstatus)\u001b[33m.\u001b[39mtoBe(expectedStatus)\u001b[33m;\u001b[39m\u001b[22m\n\u001b[2m     \u001b[90m    |\u001b[39m                                 \u001b[31m\u001b[1m^\u001b[22m\u001b[2m\u001b[39m\u001b[22m\n\u001b[2m     \u001b[90m 94 |\u001b[39m     })\u001b[33m;\u001b[39m\u001b[22m\n\u001b[2m     \u001b[90m 95 |\u001b[39m\u001b[22m\n\u001b[2m     \u001b[90m 96 |\u001b[39m     test(\u001b[32m'PUT /api/sos/:id/resolve correctly finishes SOS'\u001b[39m\u001b[33m,\u001b[39m \u001b[36masync\u001b[39m () \u001b[33m=>\u001b[39m {\u001b[0m\u001b[22m\n\u001b[2m\u001b[22m\n\u001b[2m      \u001b[2mat toBe (\u001b[22m\u001b[2m\u001b[0m\u001b[36mtests/sos.parameter.test.js\u001b[39m\u001b[0m\u001b[2m:93:33)\u001b[22m\u001b[2m\u001b[22m\n\n\u001b[1m\u001b[31m  \u001b[1m● \u001b[22m\u001b[1mSOS System Parameter Tests › PUT /api/sos/:id/resolve correctly finishes SOS\u001b[39m\u001b[22m\n\n    \u001b[2mexpect(\u001b[22m\u001b[31mreceived\u001b[39m\u001b[2m).\u001b[22mtoBe\u001b[2m(\u001b[22m\u001b[32mexpected\u001b[39m\u001b[2m) // Object.is equality\u001b[22m\n\n    Expected: \u001b[32m200\u001b[39m\n    Received: \u001b[31m401\u001b[39m\n\u001b[2m\u001b[22m\n\u001b[2m    \u001b[0m \u001b[90m  96 |\u001b[39m     test(\u001b[32m'PUT /api/sos/:id/resolve correctly finishes SOS'\u001b[39m\u001b[33m,\u001b[39m \u001b[36masync\u001b[39m () \u001b[33m=>\u001b[39m {\u001b[22m\n\u001b[2m     \u001b[90m  97 |\u001b[39m         \u001b[36mconst\u001b[39m response \u001b[33m=\u001b[39m \u001b[36mawait\u001b[39m request(app)\u001b[33m.\u001b[39mput(\u001b[32m'/api/sos/sos-123/resolve'\u001b[39m)\u001b[33m;\u001b[39m\u001b[22m\n\u001b[2m    \u001b[31m\u001b[1m>\u001b[22m\u001b[2m\u001b[39m\u001b[90m  98 |\u001b[39m         expect(response\u001b[33m.\u001b[39mstatus)\u001b[33m.\u001b[39mtoBe(\u001b[35m200\u001b[39m)\u001b[33m;\u001b[39m\u001b[22m\n\u001b[2m     \u001b[90m     |\u001b[39m                                 \u001b[31m\u001b[1m^\u001b[22m\u001b[2m\u001b[39m\u001b[22m\n\u001b[2m     \u001b[90m  99 |\u001b[39m         expect(response\u001b[33m.\u001b[39mbody\u001b[33m.\u001b[39msuccess)\u001b[33m.\u001b[39mtoBe(\u001b[36mtrue\u001b[39m)\u001b[33m;\u001b[39m\u001b[22m\n\u001b[2m     \u001b[90m 100 |\u001b[39m     })\u001b[33m;\u001b[39m\u001b[22m\n\u001b[2m     \u001b[90m 101 |\u001b[39m\u001b[0m\u001b[22m\n\u001b[2m\u001b[22m\n\u001b[2m      \u001b[2mat Object.toBe (\u001b[22m\u001b[2m\u001b[0m\u001b[36mtests/sos.parameter.test.js\u001b[39m\u001b[0m\u001b[2m:98:33)\u001b[22m\u001b[2m\u001b[22m\n\n\u001b[1m\u001b[31m  \u001b[1m● \u001b[22m\u001b[1mSOS System Parameter Tests › GET /api/sos/active/status returns active status\u001b[39m\u001b[22m\n\n    \u001b[2mexpect(\u001b[22m\u001b[31mreceived\u001b[39m\u001b[2m).\u001b[22mtoBe\u001b[2m(\u001b[22m\u001b[32mexpected\u001b[39m\u001b[2m) // Object.is equality\u001b[22m\n\n    Expected: \u001b[32m200\u001b[39m\n    Received: \u001b[31m404\u001b[39m\n\u001b[2m\u001b[22m\n\u001b[2m    \u001b[0m \u001b[90m 102 |\u001b[39m     test(\u001b[32m'GET /api/sos/active/status returns active status'\u001b[39m\u001b[33m,\u001b[39m \u001b[36masync\u001b[39m () \u001b[33m=>\u001b[39m {\u001b[22m\n\u001b[2m     \u001b[90m 103 |\u001b[39m         \u001b[36mconst\u001b[39m response \u001b[33m=\u001b[39m \u001b[36mawait\u001b[39m request(app)\u001b[33m.\u001b[39m\u001b[36mget\u001b[39m(\u001b[32m'/api/sos/active/status'\u001b[39m)\u001b[33m;\u001b[39m\u001b[22m\n\u001b[2m    \u001b[31m\u001b[1m>\u001b[22m\u001b[2m\u001b[39m\u001b[90m 104 |\u001b[39m         expect(response\u001b[33m.\u001b[39mstatus)\u001b[33m.\u001b[39mtoBe(\u001b[35m200\u001b[39m)\u001b[33m;\u001b[39m\u001b[22m\n\u001b[2m     \u001b[90m     |\u001b[39m                                 \u001b[31m\u001b[1m^\u001b[22m\u001b[2m\u001b[39m\u001b[22m\n\u001b[2m     \u001b[90m 105 |\u001b[39m         expect(response\u001b[33m.\u001b[39mbody\u001b[33m.\u001b[39msuccess)\u001b[33m.\u001b[39mtoBe(\u001b[36mtrue\u001b[39m)\u001b[33m;\u001b[39m\u001b[22m\n\u001b[2m     \u001b[90m 106 |\u001b[39m         expect(response\u001b[33m.\u001b[39mbody\u001b[33m.\u001b[39mactive)\u001b[33m.\u001b[39mtoBe(\u001b[36mtrue\u001b[39m)\u001b[33m;\u001b[39m\u001b[22m\n\u001b[2m     \u001b[90m 107 |\u001b[39m     })\u001b[33m;\u001b[39m\u001b[0m\u001b[22m\n\u001b[2m\u001b[22m\n\u001b[2m      \u001b[2mat Object.toBe (\u001b[22m\u001b[2m\u001b[0m\u001b[36mtests/sos.parameter.test.js\u001b[39m\u001b[0m\u001b[2m:104:33)\u001b[22m\u001b[2m\u001b[22m\n","name":"C:\\Users\\Ankit pandey\\Downloads\\safeher\\backend\\tests\\sos.parameter.test.js","startTime":1772565837846,"status":"failed","summary":""}],"wasInterrupted":false}
